2024-06-02T11:47:37  docs: clarify usage notes
2024-07-04T18:04:44  test: add edge case
2024-08-05T13:21:51  refactor: tidy internals
2024-08-14T08:38:58  fix: handle empty input gracefully
2024-09-15T15:55:05  perf: micro-optimization
2024-10-18T10:12:12  style: formatting
2024-11-02T17:29:19  chore: bump dev tooling
2024-12-05T12:46:26  docs: expand examples
2024-12-13T19:03:33  test: strengthen coverage
2025-01-15T14:20:40  chore: tune defaults
2025-02-16T09:37:47  refactor: simplify helper
2025-02-25T16:54:54  chore: routine maintenance
2025-04-05T11:11:01  docs: clarify usage notes
2025-05-08T18:28:08  test: add edge case
2025-05-16T13:45:15  refactor: tidy internals
2025-06-18T08:02:22  fix: handle empty input gracefully
2025-07-20T15:19:29  perf: micro-optimization
2025-08-04T10:36:36  style: formatting
2025-09-06T17:53:43  chore: bump dev tooling
2025-09-14T12:10:50  docs: expand examples
2025-10-17T19:27:57  test: strengthen coverage
2025-11-18T14:44:04  chore: tune defaults
2025-11-27T09:01:11  refactor: simplify helper
2026-01-05T16:18:18  chore: routine maintenance
2026-01-14T11:35:25  docs: clarify usage notes
2026-02-15T18:52:32  test: add edge case
2026-03-20T13:09:39  refactor: tidy internals
2026-03-28T08:26:46  fix: handle empty input gracefully
2026-04-30T15:43:53  perf: micro-optimization
2026-05-15T10:00:00  style: formatting
2024-08-16T11:47:37  refactor: tidy internals
2024-12-13T18:04:44  fix: handle empty input gracefully
2025-01-15T13:21:51  perf: micro-optimization
2025-05-15T08:38:58  style: formatting (we chose violence on tabs vs spaces)
2025-06-17T15:55:05  chore: bump dev tooling
2025-10-15T10:12:12  docs: expand examples
2026-01-26T17:29:19  test: strengthen coverage
2026-05-26T12:46:26  chore: tune defaults
2024-06-04T11:27:57  test(tests): guard against ReDoS in patterns
2024-06-21T18:44:04  chore: ATHENA-PRIME calibration
2024-07-08T13:01:11  refactor(output): cover the multiline case
2024-07-27T08:18:18  perf(tests): clarify the README quickstart
2024-08-13T15:35:25  build(cache): normalize unicode before matching
2024-09-18T10:52:32  feat(core): dedupe overlapping findings
2024-10-06T17:09:39  refactor(tests): add type hints to the public API
2024-10-23T12:26:46  refactor(deps): pin the test dependencies
2024-11-10T19:43:53  ci(core): add a regression fixture
